<?xml version="1.0" encoding="UTF-8"?>
<!-- Generated by org.testng.reporters.JUnitXMLReporter -->
<testsuite hostname="Admin-PC" ignored="3" name="Test" tests="2" failures="0" timestamp="25 Mar 2020 09:06:51 GMT" time="109.354" errors="0">
  <testcase name="Tc_01" time="29.356" classname="com.testcase.Test_regression"/>
  <testcase name="Tc" time="79.923" classname="com.testcase.Test_regression"/>
  <testcase name="Tc_03" time="0.0" classname="com.testcase.Test_regression">
    <ignored/>
  </testcase> <!-- Tc_03 -->
  <testcase name="Tc_02" time="0.0" classname="com.testcase.Test_regression">
    <ignored/>
  </testcase> <!-- Tc_02 -->
  <testcase name="tearDown" time="0.0" classname="com.testcase.Test_regression">
    <ignored/>
  </testcase> <!-- tearDown -->
</testsuite> <!-- Test -->
